This file contains any messages produced by compilers while
running configure, to aid debugging if configure makes a mistake.

It was created by Tkhtml configure 3.0, which was
generated by GNU Autoconf 2.59.  Invocation command line was

  $ ../htmlwidget/configure --with-tcl=/usr/lib64 --with-tk=/usr/lib64

## --------- ##
## Platform. ##
## --------- ##

hostname = dunceleraycookontoday
uname -m = x86_64
uname -r = 6.18.5-200.fc43.x86_64
uname -s = Linux
uname -v = #1 SMP PREEMPT_DYNAMIC Sun Jan 11 17:09:32 UTC 2026

/usr/bin/uname -p = unknown
/bin/uname -X     = unknown

/bin/arch              = x86_64
/usr/bin/arch -k       = unknown
/usr/convex/getsysinfo = unknown
hostinfo               = unknown
/bin/machine           = unknown
/usr/bin/oslevel       = unknown
/bin/universe          = unknown

PATH: /home/blubskye/.cargo/bin
PATH: /home/blubskye/.local/bin
PATH: /home/blubskye/bin
PATH: /usr/lib64/ccache
PATH: /usr/local/bin
PATH: /usr/bin
PATH: /home/blubskye/.dotnet/tools
PATH: /opt/gradle/gradle-9.4.0-milestone-3/bin


## ----------- ##
## Core tests. ##
## ----------- ##

configure:1337: checking for correct TEA configuration
configure:1356: result: ok (TEA 3.5)
configure:1482: checking for Tcl configuration
configure:1598: result: found /usr/lib64/tclConfig.sh
configure:1604: checking for existence of /usr/lib64/tclConfig.sh
configure:1608: result: loading
configure:1698: checking for Tk configuration
configure:1814: result: found /usr/lib64/tkConfig.sh
configure:1820: checking for existence of /usr/lib64/tkConfig.sh
configure:1824: result: loading
configure:1919: --prefix defaulting to TCL_PREFIX /usr
configure:1931: --exec-prefix defaulting to TCL_EXEC_PREFIX /usr
configure:2005: checking for gcc
configure:2021: found /usr/lib64/ccache/gcc
configure:2031: result: gcc
configure:2275: checking for C compiler version
configure:2278: gcc --version </dev/null >&5
gcc (GCC) 15.2.1 20251211 (Red Hat 15.2.1-5)
Copyright (C) 2025 Free Software Foundation, Inc.
This is free software; see the source for copying conditions.  There is NO
warranty; not even for MERCHANTABILITY or FITNESS FOR A PARTICULAR PURPOSE.

configure:2281: $? = 0
configure:2283: gcc -v </dev/null >&5
Using built-in specs.
COLLECT_GCC=/usr/bin/gcc
COLLECT_LTO_WRAPPER=/usr/libexec/gcc/x86_64-redhat-linux/15/lto-wrapper
OFFLOAD_TARGET_NAMES=nvptx-none:amdgcn-amdhsa
OFFLOAD_TARGET_DEFAULT=1
Target: x86_64-redhat-linux
Configured with: ../configure --enable-bootstrap --enable-languages=c,c++,fortran,objc,obj-c++,ada,go,d,m2,cobol,lto --prefix=/usr --mandir=/usr/share/man --infodir=/usr/share/info --with-bugurl=https://bugzilla.redhat.com/ --enable-shared --enable-threads=posix --enable-checking=release --enable-multilib --with-system-zlib --enable-__cxa_atexit --disable-libunwind-exceptions --enable-gnu-unique-object --enable-linker-build-id --with-gcc-major-version-only --enable-libstdcxx-backtrace --with-libstdcxx-zoneinfo=/usr/share/zoneinfo --with-linker-hash-style=gnu --enable-plugin --enable-initfini-array --with-isl=/builddir/build/BUILD/gcc-15.2.1-build/gcc-15.2.1-20251211/obj-x86_64-redhat-linux/isl-install --enable-offload-targets=nvptx-none,amdgcn-amdhsa --enable-offload-defaulted --without-cuda-driver --enable-gnu-indirect-function --enable-cet --with-tune=generic --with-arch_32=i686 --build=x86_64-redhat-linux --with-build-config=bootstrap-lto --enable-link-serialization=1 --disable-libssp
Thread model: posix
Supported LTO compression algorithms: zlib zstd
gcc version 15.2.1 20251211 (Red Hat 15.2.1-5) (GCC) 
configure:2286: $? = 0
configure:2288: gcc -V </dev/null >&5
gcc: error: unrecognized command-line option '-V'
gcc: fatal error: no input files
compilation terminated.
configure:2291: $? = 1
configure:2314: checking for C compiler default output file name
configure:2317: gcc    conftest.c  >&5
configure:2320: $? = 0
configure:2366: result: a.out
configure:2371: checking whether the C compiler works
configure:2377: ./a.out
configure:2380: $? = 0
configure:2397: result: yes
configure:2404: checking whether we are cross compiling
configure:2406: result: no
configure:2409: checking for suffix of executables
configure:2411: gcc -o conftest    conftest.c  >&5
configure:2414: $? = 0
configure:2439: result: 
configure:2445: checking for suffix of object files
configure:2466: gcc -c   conftest.c >&5
configure:2469: $? = 0
configure:2491: result: o
configure:2495: checking whether we are using the GNU C compiler
configure:2519: gcc -c   conftest.c >&5
configure:2525: $? = 0
configure:2529: test -z 
			 || test ! -s conftest.err
configure:2532: $? = 0
configure:2535: test -s conftest.o
configure:2538: $? = 0
configure:2551: result: yes
configure:2557: checking whether gcc accepts -g
configure:2578: gcc -c -g  conftest.c >&5
configure:2584: $? = 0
configure:2588: test -z 
			 || test ! -s conftest.err
configure:2591: $? = 0
configure:2594: test -s conftest.o
configure:2597: $? = 0
configure:2608: result: yes
configure:2625: checking for gcc option to accept ANSI C
configure:2695: gcc  -c   conftest.c >&5
conftest.c: In function 'e':
conftest.c:16:14: warning: old-style function definition [-Wold-style-definition]
   16 | static char *e (p, i)
      |              ^
configure:2701: $? = 0
configure:2705: test -z 
			 || test ! -s conftest.err
configure:2708: $? = 0
configure:2711: test -s conftest.o
configure:2714: $? = 0
configure:2732: result: none needed
configure:2750: gcc -c   conftest.c >&5
conftest.c:2:3: error: unknown type name 'choke'
    2 |   choke me
      |   ^~~~~
conftest.c:2:3: error: expected '=', ',', ';', 'asm' or '__attribute__' at end of input
configure:2756: $? = 1
configure: failed program was:
| #ifndef __cplusplus
|   choke me
| #endif
configure:2894: checking how to run the C preprocessor
configure:2929: gcc -E  conftest.c
configure:2935: $? = 0
configure:2967: gcc -E  conftest.c
conftest.c:9:10: fatal error: ac_nonexistent.h: No such file or directory
    9 | #include <ac_nonexistent.h>
      |          ^~~~~~~~~~~~~~~~~~
compilation terminated.
configure:2973: $? = 1
configure: failed program was:
| /* confdefs.h.  */
| 
| #define PACKAGE_NAME "Tkhtml"
| #define PACKAGE_TARNAME "tkhtml"
| #define PACKAGE_VERSION "3.0"
| #define PACKAGE_STRING "Tkhtml 3.0"
| #define PACKAGE_BUGREPORT ""
| /* end confdefs.h.  */
| #include <ac_nonexistent.h>
configure:3012: result: gcc -E
configure:3036: gcc -E  conftest.c
configure:3042: $? = 0
configure:3074: gcc -E  conftest.c
conftest.c:9:10: fatal error: ac_nonexistent.h: No such file or directory
    9 | #include <ac_nonexistent.h>
      |          ^~~~~~~~~~~~~~~~~~
compilation terminated.
configure:3080: $? = 1
configure: failed program was:
| /* confdefs.h.  */
| 
| #define PACKAGE_NAME "Tkhtml"
| #define PACKAGE_TARNAME "tkhtml"
| #define PACKAGE_VERSION "3.0"
| #define PACKAGE_STRING "Tkhtml 3.0"
| #define PACKAGE_BUGREPORT ""
| /* end confdefs.h.  */
| #include <ac_nonexistent.h>
configure:3137: checking for a BSD-compatible install
configure:3192: result: /usr/bin/install -c
configure:3208: checking whether make sets $(MAKE)
configure:3228: result: yes
configure:3283: checking for ranlib
configure:3299: found /usr/bin/ranlib
configure:3310: result: ranlib
configure:3332: checking for egrep
configure:3342: result: grep -E
configure:3347: checking for ANSI C header files
configure:3372: gcc -c   conftest.c >&5
configure:3378: $? = 0
configure:3382: test -z 
			 || test ! -s conftest.err
configure:3385: $? = 0
configure:3388: test -s conftest.o
configure:3391: $? = 0
configure:3480: gcc -o conftest    conftest.c  >&5
conftest.c: In function 'main':
conftest.c:26:7: error: implicit declaration of function 'exit' [-Wimplicit-function-declaration]
   26 |       exit(2);
      |       ^~~~
conftest.c:10:1: note: include '<stdlib.h>' or provide a declaration of 'exit'
    9 | #include <ctype.h>
  +++ |+#include <stdlib.h>
   10 | #if ((' ' & 0x0FF) == 0x020)
conftest.c:26:7: warning: incompatible implicit declaration of built-in function 'exit' [-Wbuiltin-declaration-mismatch]
   26 |       exit(2);
      |       ^~~~
conftest.c:26:7: note: include '<stdlib.h>' or provide a declaration of 'exit'
conftest.c:27:3: warning: incompatible implicit declaration of built-in function 'exit' [-Wbuiltin-declaration-mismatch]
   27 |   exit (0);
      |   ^~~~
conftest.c:27:3: note: include '<stdlib.h>' or provide a declaration of 'exit'
configure:3483: $? = 1
configure: program exited with status 1
configure: failed program was:
| /* confdefs.h.  */
| 
| #define PACKAGE_NAME "Tkhtml"
| #define PACKAGE_TARNAME "tkhtml"
| #define PACKAGE_VERSION "3.0"
| #define PACKAGE_STRING "Tkhtml 3.0"
| #define PACKAGE_BUGREPORT ""
| /* end confdefs.h.  */
| #include <ctype.h>
| #if ((' ' & 0x0FF) == 0x020)
| # define ISLOWER(c) ('a' <= (c) && (c) <= 'z')
| # define TOUPPER(c) (ISLOWER(c) ? 'A' + ((c) - 'a') : (c))
| #else
| # define ISLOWER(c) 		   (('a' <= (c) && (c) <= 'i') 		     || ('j' <= (c) && (c) <= 'r') 		     || ('s' <= (c) && (c) <= 'z'))
| # define TOUPPER(c) (ISLOWER(c) ? ((c) | 0x40) : (c))
| #endif
| 
| #define XOR(e, f) (((e) && !(f)) || (!(e) && (f)))
| int
| main ()
| {
|   int i;
|   for (i = 0; i < 256; i++)
|     if (XOR (islower (i), ISLOWER (i))
| 	|| toupper (i) != TOUPPER (i))
|       exit(2);
|   exit (0);
| }
configure:3503: result: no
configure:3527: checking for sys/types.h
configure:3543: gcc -c   conftest.c >&5
configure:3549: $? = 0
configure:3553: test -z 
			 || test ! -s conftest.err
configure:3556: $? = 0
configure:3559: test -s conftest.o
configure:3562: $? = 0
configure:3573: result: yes
configure:3527: checking for sys/stat.h
configure:3543: gcc -c   conftest.c >&5
configure:3549: $? = 0
configure:3553: test -z 
			 || test ! -s conftest.err
configure:3556: $? = 0
configure:3559: test -s conftest.o
configure:3562: $? = 0
configure:3573: result: yes
configure:3527: checking for stdlib.h
configure:3543: gcc -c   conftest.c >&5
configure:3549: $? = 0
configure:3553: test -z 
			 || test ! -s conftest.err
configure:3556: $? = 0
configure:3559: test -s conftest.o
configure:3562: $? = 0
configure:3573: result: yes
configure:3527: checking for string.h
configure:3543: gcc -c   conftest.c >&5
configure:3549: $? = 0
configure:3553: test -z 
			 || test ! -s conftest.err
configure:3556: $? = 0
configure:3559: test -s conftest.o
configure:3562: $? = 0
configure:3573: result: yes
configure:3527: checking for memory.h
configure:3543: gcc -c   conftest.c >&5
configure:3549: $? = 0
configure:3553: test -z 
			 || test ! -s conftest.err
configure:3556: $? = 0
configure:3559: test -s conftest.o
configure:3562: $? = 0
configure:3573: result: yes
configure:3527: checking for strings.h
configure:3543: gcc -c   conftest.c >&5
configure:3549: $? = 0
configure:3553: test -z 
			 || test ! -s conftest.err
configure:3556: $? = 0
configure:3559: test -s conftest.o
configure:3562: $? = 0
configure:3573: result: yes
configure:3527: checking for inttypes.h
configure:3543: gcc -c   conftest.c >&5
configure:3549: $? = 0
configure:3553: test -z 
			 || test ! -s conftest.err
configure:3556: $? = 0
configure:3559: test -s conftest.o
configure:3562: $? = 0
configure:3573: result: yes
configure:3527: checking for stdint.h
configure:3543: gcc -c   conftest.c >&5
configure:3549: $? = 0
configure:3553: test -z 
			 || test ! -s conftest.err
configure:3556: $? = 0
configure:3559: test -s conftest.o
configure:3562: $? = 0
configure:3573: result: yes
configure:3527: checking for unistd.h
configure:3543: gcc -c   conftest.c >&5
configure:3549: $? = 0
configure:3553: test -z 
			 || test ! -s conftest.err
configure:3556: $? = 0
configure:3559: test -s conftest.o
configure:3562: $? = 0
configure:3573: result: yes
configure:3595: checking if the compiler understands -pipe
configure:3615: gcc -pipe -c   conftest.c >&5
configure:3621: $? = 0
configure:3625: test -z 
			 || test ! -s conftest.err
configure:3628: $? = 0
configure:3631: test -s conftest.o
configure:3634: $? = 0
configure:3636: result: yes
configure:3653: checking whether byte ordering is bigendian
configure:3680: gcc -pipe -c   conftest.c >&5
configure:3686: $? = 0
configure:3690: test -z 
			 || test ! -s conftest.err
configure:3693: $? = 0
configure:3696: test -s conftest.o
configure:3699: $? = 0
configure:3723: gcc -pipe -c   conftest.c >&5
conftest.c: In function 'main':
conftest.c:25:2: error: unknown type name 'not'; did you mean 'ino_t'?
   25 |  not big endian
      |  ^~~
      |  ino_t
conftest.c:25:10: error: expected '=', ',', ';', 'asm' or '__attribute__' before 'endian'
   25 |  not big endian
      |          ^~~~~~
configure:3729: $? = 1
configure: failed program was:
| /* confdefs.h.  */
| 
| #define PACKAGE_NAME "Tkhtml"
| #define PACKAGE_TARNAME "tkhtml"
| #define PACKAGE_VERSION "3.0"
| #define PACKAGE_STRING "Tkhtml 3.0"
| #define PACKAGE_BUGREPORT ""
| #define HAVE_SYS_TYPES_H 1
| #define HAVE_SYS_STAT_H 1
| #define HAVE_STDLIB_H 1
| #define HAVE_STRING_H 1
| #define HAVE_MEMORY_H 1
| #define HAVE_STRINGS_H 1
| #define HAVE_INTTYPES_H 1
| #define HAVE_STDINT_H 1
| #define HAVE_UNISTD_H 1
| /* end confdefs.h.  */
| #include <sys/types.h>
| #include <sys/param.h>
| 
| int
| main ()
| {
| #if BYTE_ORDER != BIG_ENDIAN
|  not big endian
| #endif
| 
|   ;
|   return 0;
| }
configure:3864: result: no
configure:3892: checking for sin
configure:3949: gcc -pipe -o conftest    conftest.c  >&5
conftest.c:42:6: warning: conflicting types for built-in function 'sin'; expected 'double(double)' [-Wbuiltin-declaration-mismatch]
   42 | char sin ();
      |      ^~~
conftest.c:29:1: note: 'sin' is declared in header '<math.h>'
   28 | # include <limits.h>
   29 | #else
/usr/bin/ld: /tmp/ccZfTCfE.o: in function `main':
conftest.c:(.text+0xd): undefined reference to `sin'
/usr/bin/ld: /tmp/ccZfTCfE.o:(.data+0x0): undefined reference to `sin'
collect2: error: ld returned 1 exit status
configure:3955: $? = 1
configure: failed program was:
| /* confdefs.h.  */
| 
| #define PACKAGE_NAME "Tkhtml"
| #define PACKAGE_TARNAME "tkhtml"
| #define PACKAGE_VERSION "3.0"
| #define PACKAGE_STRING "Tkhtml 3.0"
| #define PACKAGE_BUGREPORT ""
| #define HAVE_SYS_TYPES_H 1
| #define HAVE_SYS_STAT_H 1
| #define HAVE_STDLIB_H 1
| #define HAVE_STRING_H 1
| #define HAVE_MEMORY_H 1
| #define HAVE_STRINGS_H 1
| #define HAVE_INTTYPES_H 1
| #define HAVE_STDINT_H 1
| #define HAVE_UNISTD_H 1
| /* end confdefs.h.  */
| /* Define sin to an innocuous variant, in case <limits.h> declares sin.
|    For example, HP-UX 11i <limits.h> declares gettimeofday.  */
| #define sin innocuous_sin
| 
| /* System header to define __stub macros and hopefully few prototypes,
|     which can conflict with char sin (); below.
|     Prefer <limits.h> to <assert.h> if __STDC__ is defined, since
|     <limits.h> exists even on freestanding compilers.  */
| 
| #ifdef __STDC__
| # include <limits.h>
| #else
| # include <assert.h>
| #endif
| 
| #undef sin
| 
| /* Override any gcc2 internal prototype to avoid an error.  */
| #ifdef __cplusplus
| extern "C"
| {
| #endif
| /* We use char because int might match the return type of a gcc2
|    builtin and then its argument prototype would still apply.  */
| char sin ();
| /* The GNU C library defines this for functions which it implements
|     to always fail with ENOSYS.  Some functions are actually named
|     something starting with __ and the normal name is an alias.  */
| #if defined (__stub_sin) || defined (__stub___sin)
| choke me
| #else
| char (*f) () = sin;
| #endif
| #ifdef __cplusplus
| }
| #endif
| 
| int
| main ()
| {
| return f != sin;
|   ;
|   return 0;
| }
configure:3980: result: no
configure:3988: checking for main in -lieee
configure:4012: gcc -pipe -o conftest    conftest.c -lieee   >&5
/usr/bin/ld: cannot find -lieee: No such file or directory
collect2: error: ld returned 1 exit status
configure:4018: $? = 1
configure: failed program was:
| /* confdefs.h.  */
| 
| #define PACKAGE_NAME "Tkhtml"
| #define PACKAGE_TARNAME "tkhtml"
| #define PACKAGE_VERSION "3.0"
| #define PACKAGE_STRING "Tkhtml 3.0"
| #define PACKAGE_BUGREPORT ""
| #define HAVE_SYS_TYPES_H 1
| #define HAVE_SYS_STAT_H 1
| #define HAVE_STDLIB_H 1
| #define HAVE_STRING_H 1
| #define HAVE_MEMORY_H 1
| #define HAVE_STRINGS_H 1
| #define HAVE_INTTYPES_H 1
| #define HAVE_STDINT_H 1
| #define HAVE_UNISTD_H 1
| /* end confdefs.h.  */
| 
| 
| int
| main ()
| {
| main ();
|   ;
|   return 0;
| }
configure:4044: result: no
configure:4056: checking for main in -linet
configure:4080: gcc -pipe -o conftest    conftest.c -linet   >&5
/usr/bin/ld: cannot find -linet: No such file or directory
collect2: error: ld returned 1 exit status
configure:4086: $? = 1
configure: failed program was:
| /* confdefs.h.  */
| 
| #define PACKAGE_NAME "Tkhtml"
| #define PACKAGE_TARNAME "tkhtml"
| #define PACKAGE_VERSION "3.0"
| #define PACKAGE_STRING "Tkhtml 3.0"
| #define PACKAGE_BUGREPORT ""
| #define HAVE_SYS_TYPES_H 1
| #define HAVE_SYS_STAT_H 1
| #define HAVE_STDLIB_H 1
| #define HAVE_STRING_H 1
| #define HAVE_MEMORY_H 1
| #define HAVE_STRINGS_H 1
| #define HAVE_INTTYPES_H 1
| #define HAVE_STDINT_H 1
| #define HAVE_UNISTD_H 1
| /* end confdefs.h.  */
| 
| 
| int
| main ()
| {
| main ();
|   ;
|   return 0;
| }
configure:4112: result: no
configure:4128: checking net/errno.h usability
configure:4140: gcc -pipe -c   conftest.c >&5
conftest.c:52:10: fatal error: net/errno.h: No such file or directory
   52 | #include <net/errno.h>
      |          ^~~~~~~~~~~~~
compilation terminated.
configure:4146: $? = 1
configure: failed program was:
| /* confdefs.h.  */
| 
| #define PACKAGE_NAME "Tkhtml"
| #define PACKAGE_TARNAME "tkhtml"
| #define PACKAGE_VERSION "3.0"
| #define PACKAGE_STRING "Tkhtml 3.0"
| #define PACKAGE_BUGREPORT ""
| #define HAVE_SYS_TYPES_H 1
| #define HAVE_SYS_STAT_H 1
| #define HAVE_STDLIB_H 1
| #define HAVE_STRING_H 1
| #define HAVE_MEMORY_H 1
| #define HAVE_STRINGS_H 1
| #define HAVE_INTTYPES_H 1
| #define HAVE_STDINT_H 1
| #define HAVE_UNISTD_H 1
| /* end confdefs.h.  */
| #include <stdio.h>
| #if HAVE_SYS_TYPES_H
| # include <sys/types.h>
| #endif
| #if HAVE_SYS_STAT_H
| # include <sys/stat.h>
| #endif
| #if STDC_HEADERS
| # include <stdlib.h>
| # include <stddef.h>
| #else
| # if HAVE_STDLIB_H
| #  include <stdlib.h>
| # endif
| #endif
| #if HAVE_STRING_H
| # if !STDC_HEADERS && HAVE_MEMORY_H
| #  include <memory.h>
| # endif
| # include <string.h>
| #endif
| #if HAVE_STRINGS_H
| # include <strings.h>
| #endif
| #if HAVE_INTTYPES_H
| # include <inttypes.h>
| #else
| # if HAVE_STDINT_H
| #  include <stdint.h>
| # endif
| #endif
| #if HAVE_UNISTD_H
| # include <unistd.h>
| #endif
| #include <net/errno.h>
configure:4169: result: no
configure:4173: checking net/errno.h presence
configure:4183: gcc -E  conftest.c
conftest.c:18:10: fatal error: net/errno.h: No such file or directory
   18 | #include <net/errno.h>
      |          ^~~~~~~~~~~~~
compilation terminated.
configure:4189: $? = 1
configure: failed program was:
| /* confdefs.h.  */
| 
| #define PACKAGE_NAME "Tkhtml"
| #define PACKAGE_TARNAME "tkhtml"
| #define PACKAGE_VERSION "3.0"
| #define PACKAGE_STRING "Tkhtml 3.0"
| #define PACKAGE_BUGREPORT ""
| #define HAVE_SYS_TYPES_H 1
| #define HAVE_SYS_STAT_H 1
| #define HAVE_STDLIB_H 1
| #define HAVE_STRING_H 1
| #define HAVE_MEMORY_H 1
| #define HAVE_STRINGS_H 1
| #define HAVE_INTTYPES_H 1
| #define HAVE_STDINT_H 1
| #define HAVE_UNISTD_H 1
| /* end confdefs.h.  */
| #include <net/errno.h>
configure:4209: result: no
configure:4244: checking for net/errno.h
configure:4251: result: no
configure:4285: checking for connect
configure:4342: gcc -pipe -o conftest    conftest.c  >&5
configure:4348: $? = 0
configure:4352: test -z 
			 || test ! -s conftest.err
configure:4355: $? = 0
configure:4358: test -s conftest
configure:4361: $? = 0
configure:4373: result: yes
configure:4648: checking for gethostbyname
configure:4705: gcc -pipe -o conftest    conftest.c  >&5
configure:4711: $? = 0
configure:4715: test -z 
			 || test ! -s conftest.err
configure:4718: $? = 0
configure:4721: test -s conftest
configure:4724: $? = 0
configure:4736: result: yes
configure:4820: checking dirent.h
configure:4860: gcc -pipe -o conftest    conftest.c  >&5
configure:4866: $? = 0
configure:4870: test -z 
			 || test ! -s conftest.err
configure:4873: $? = 0
configure:4876: test -s conftest
configure:4879: $? = 0
configure:4891: result: yes
configure:4912: checking errno.h usability
configure:4924: gcc -pipe -c   conftest.c >&5
configure:4930: $? = 0
configure:4934: test -z 
			 || test ! -s conftest.err
configure:4937: $? = 0
configure:4940: test -s conftest.o
configure:4943: $? = 0
configure:4953: result: yes
configure:4957: checking errno.h presence
configure:4967: gcc -E  conftest.c
configure:4973: $? = 0
configure:4993: result: yes
configure:5028: checking for errno.h
configure:5035: result: yes
configure:5060: checking float.h usability
configure:5072: gcc -pipe -c   conftest.c >&5
configure:5078: $? = 0
configure:5082: test -z 
			 || test ! -s conftest.err
configure:5085: $? = 0
configure:5088: test -s conftest.o
configure:5091: $? = 0
configure:5101: result: yes
configure:5105: checking float.h presence
configure:5115: gcc -E  conftest.c
configure:5121: $? = 0
configure:5141: result: yes
configure:5176: checking for float.h
configure:5183: result: yes
configure:5208: checking values.h usability
configure:5220: gcc -pipe -c   conftest.c >&5
configure:5226: $? = 0
configure:5230: test -z 
			 || test ! -s conftest.err
configure:5233: $? = 0
configure:5236: test -s conftest.o
configure:5239: $? = 0
configure:5249: result: yes
configure:5253: checking values.h presence
configure:5263: gcc -E  conftest.c
configure:5269: $? = 0
configure:5289: result: yes
configure:5324: checking for values.h
configure:5331: result: yes
configure:5356: checking limits.h usability
configure:5368: gcc -pipe -c   conftest.c >&5
configure:5374: $? = 0
configure:5378: test -z 
			 || test ! -s conftest.err
configure:5381: $? = 0
configure:5384: test -s conftest.o
configure:5387: $? = 0
configure:5397: result: yes
configure:5401: checking limits.h presence
configure:5411: gcc -E  conftest.c
configure:5417: $? = 0
configure:5437: result: yes
configure:5472: checking for limits.h
configure:5479: result: yes
configure:5499: checking for stdlib.h
configure:5504: result: yes
configure:5701: checking for string.h
configure:5706: result: yes
configure:5900: checking sys/wait.h usability
configure:5912: gcc -pipe -c   conftest.c >&5
configure:5918: $? = 0
configure:5922: test -z 
			 || test ! -s conftest.err
configure:5925: $? = 0
configure:5928: test -s conftest.o
configure:5931: $? = 0
configure:5941: result: yes
configure:5945: checking sys/wait.h presence
configure:5955: gcc -E  conftest.c
configure:5961: $? = 0
configure:5981: result: yes
configure:6016: checking for sys/wait.h
configure:6023: result: yes
configure:6048: checking dlfcn.h usability
configure:6060: gcc -pipe -c   conftest.c >&5
configure:6066: $? = 0
configure:6070: test -z 
			 || test ! -s conftest.err
configure:6073: $? = 0
configure:6076: test -s conftest.o
configure:6079: $? = 0
configure:6089: result: yes
configure:6093: checking dlfcn.h presence
configure:6103: gcc -E  conftest.c
configure:6109: $? = 0
configure:6129: result: yes
configure:6164: checking for dlfcn.h
configure:6171: result: yes
configure:6202: checking sys/param.h usability
configure:6214: gcc -pipe -c   conftest.c >&5
configure:6220: $? = 0
configure:6224: test -z 
			 || test ! -s conftest.err
configure:6227: $? = 0
configure:6230: test -s conftest.o
configure:6233: $? = 0
configure:6243: result: yes
configure:6247: checking sys/param.h presence
configure:6257: gcc -E  conftest.c
configure:6263: $? = 0
configure:6283: result: yes
configure:6318: checking for sys/param.h
configure:6325: result: yes
configure:7187: checking for Tcl public headers
configure:7261: result: /usr/include
configure:7276: checking for Tk public headers
configure:7349: result: /usr/include
configure:7379: checking for X
configure:7484: gcc -E  conftest.c
configure:7490: $? = 0
configure:7540: gcc -pipe -o conftest    conftest.c -lXt  >&5
configure:7546: $? = 0
configure:7550: test -z 
			 || test ! -s conftest.err
configure:7553: $? = 0
configure:7556: test -s conftest
configure:7559: $? = 0
configure:7609: result: libraries , headers 
configure:7624: gcc -E  conftest.c
conftest.c:20:10: fatal error: X11/XIntrinsic.h: No such file or directory
   20 | #include <X11/XIntrinsic.h>
      |          ^~~~~~~~~~~~~~~~~~
compilation terminated.
configure:7630: $? = 1
configure: failed program was:
| /* confdefs.h.  */
| 
| #define PACKAGE_NAME "Tkhtml"
| #define PACKAGE_TARNAME "tkhtml"
| #define PACKAGE_VERSION "3.0"
| #define PACKAGE_STRING "Tkhtml 3.0"
| #define PACKAGE_BUGREPORT ""
| #define HAVE_SYS_TYPES_H 1
| #define HAVE_SYS_STAT_H 1
| #define HAVE_STDLIB_H 1
| #define HAVE_STRING_H 1
| #define HAVE_MEMORY_H 1
| #define HAVE_STRINGS_H 1
| #define HAVE_INTTYPES_H 1
| #define HAVE_STDINT_H 1
| #define HAVE_UNISTD_H 1
| #define HAVE_LIMITS_H 1
| #define HAVE_SYS_PARAM_H 1
| /* end confdefs.h.  */
| #include <X11/XIntrinsic.h>
configure:7657: checking for X11 header files
configure:7668: gcc -E  conftest.c
configure:7674: $? = 0
configure:7871: checking for pthread_mutex_init in -lpthread
configure:7901: gcc -pipe -o conftest    conftest.c -lpthread   >&5
configure:7907: $? = 0
configure:7911: test -z 
			 || test ! -s conftest.err
configure:7914: $? = 0
configure:7917: test -s conftest
configure:7920: $? = 0
configure:7933: result: yes
configure:8254: checking for building with threads
configure:8262: result: yes (default)
configure:8283: WARNING:
    --enable-threads requested, but building against a Tcl that is NOT
    thread-enabled.  This is an OK configuration that will also run in
    a thread-enabled core.
configure:8303: checking how to build libraries
configure:8321: result: shared
configure:8348: checking if 64bit support is requested
configure:8357: result: no
configure:8362: checking if 64bit Sparc VIS support is requested
configure:8371: result: no
configure:8399: checking system version
configure:8429: result: Linux-6.18.5-200.fc43.x86_64
configure:8437: checking for dlopen in -ldl
configure:8467: gcc -pipe -o conftest    conftest.c -ldl   >&5
configure:8473: $? = 0
configure:8477: test -z 
			 || test ! -s conftest.err
configure:8480: $? = 0
configure:8483: test -s conftest
configure:8486: $? = 0
configure:8499: result: yes
configure:8540: checking for ar
configure:8556: found /usr/bin/ar
configure:8566: result: ar
configure:10187: checking for required early compiler flags
configure:10210: gcc -pipe -c   conftest.c >&5
configure:10216: $? = 0
configure:10220: test -z 
			 || test ! -s conftest.err
configure:10223: $? = 0
configure:10226: test -s conftest.o
configure:10229: $? = 0
configure:10315: gcc -pipe -c   conftest.c >&5
conftest.c: In function 'main':
conftest.c:28:15: error: storage size of 'buf' isn't known
   28 | struct stat64 buf; int i = stat64("/", &buf);
      |               ^~~
conftest.c:28:28: error: implicit declaration of function 'stat64'; did you mean 'stat'? [-Wimplicit-function-declaration]
   28 | struct stat64 buf; int i = stat64("/", &buf);
      |                            ^~~~~~
      |                            stat
configure:10321: $? = 1
configure: failed program was:
| /* confdefs.h.  */
| 
| #define PACKAGE_NAME "Tkhtml"
| #define PACKAGE_TARNAME "tkhtml"
| #define PACKAGE_VERSION "3.0"
| #define PACKAGE_STRING "Tkhtml 3.0"
| #define PACKAGE_BUGREPORT ""
| #define HAVE_SYS_TYPES_H 1
| #define HAVE_SYS_STAT_H 1
| #define HAVE_STDLIB_H 1
| #define HAVE_STRING_H 1
| #define HAVE_MEMORY_H 1
| #define HAVE_STRINGS_H 1
| #define HAVE_INTTYPES_H 1
| #define HAVE_STDINT_H 1
| #define HAVE_UNISTD_H 1
| #define HAVE_LIMITS_H 1
| #define HAVE_SYS_PARAM_H 1
| #define USE_THREAD_ALLOC 1
| #define _REENTRANT 1
| #define _THREAD_SAFE 1
| #define TCL_THREADS 1
| /* end confdefs.h.  */
| #include <sys/stat.h>
| int
| main ()
| {
| struct stat64 buf; int i = stat64("/", &buf);
|   ;
|   return 0;
| }
configure:10358: gcc -pipe -c   conftest.c >&5
configure:10364: $? = 0
configure:10368: test -z 
			 || test ! -s conftest.err
configure:10371: $? = 0
configure:10374: test -s conftest.o
configure:10377: $? = 0
configure:10420: gcc -pipe -c   conftest.c >&5
conftest.c: In function 'main':
conftest.c:29:19: error: 'open64' undeclared (first use in this function)
   29 | char *p = (char *)open64;
      |                   ^~~~~~
conftest.c:29:19: note: each undeclared identifier is reported only once for each function it appears in
configure:10426: $? = 1
configure: failed program was:
| /* confdefs.h.  */
| 
| #define PACKAGE_NAME "Tkhtml"
| #define PACKAGE_TARNAME "tkhtml"
| #define PACKAGE_VERSION "3.0"
| #define PACKAGE_STRING "Tkhtml 3.0"
| #define PACKAGE_BUGREPORT ""
| #define HAVE_SYS_TYPES_H 1
| #define HAVE_SYS_STAT_H 1
| #define HAVE_STDLIB_H 1
| #define HAVE_STRING_H 1
| #define HAVE_MEMORY_H 1
| #define HAVE_STRINGS_H 1
| #define HAVE_INTTYPES_H 1
| #define HAVE_STDINT_H 1
| #define HAVE_UNISTD_H 1
| #define HAVE_LIMITS_H 1
| #define HAVE_SYS_PARAM_H 1
| #define USE_THREAD_ALLOC 1
| #define _REENTRANT 1
| #define _THREAD_SAFE 1
| #define TCL_THREADS 1
| #define _LARGEFILE64_SOURCE 1
| /* end confdefs.h.  */
| #include <sys/stat.h>
| int
| main ()
| {
| char *p = (char *)open64;
|   ;
|   return 0;
| }
configure:10463: gcc -pipe -c   conftest.c >&5
conftest.c: In function 'main':
conftest.c:30:19: error: 'open64' undeclared (first use in this function)
   30 | char *p = (char *)open64;
      |                   ^~~~~~
conftest.c:30:19: note: each undeclared identifier is reported only once for each function it appears in
configure:10469: $? = 1
configure: failed program was:
| /* confdefs.h.  */
| 
| #define PACKAGE_NAME "Tkhtml"
| #define PACKAGE_TARNAME "tkhtml"
| #define PACKAGE_VERSION "3.0"
| #define PACKAGE_STRING "Tkhtml 3.0"
| #define PACKAGE_BUGREPORT ""
| #define HAVE_SYS_TYPES_H 1
| #define HAVE_SYS_STAT_H 1
| #define HAVE_STDLIB_H 1
| #define HAVE_STRING_H 1
| #define HAVE_MEMORY_H 1
| #define HAVE_STRINGS_H 1
| #define HAVE_INTTYPES_H 1
| #define HAVE_STDINT_H 1
| #define HAVE_UNISTD_H 1
| #define HAVE_LIMITS_H 1
| #define HAVE_SYS_PARAM_H 1
| #define USE_THREAD_ALLOC 1
| #define _REENTRANT 1
| #define _THREAD_SAFE 1
| #define TCL_THREADS 1
| #define _LARGEFILE64_SOURCE 1
| /* end confdefs.h.  */
| #define _LARGEFILE_SOURCE64 1
| #include <sys/stat.h>
| int
| main ()
| {
| char *p = (char *)open64;
|   ;
|   return 0;
| }
configure:10509: result:  _LARGEFILE64_SOURCE
configure:10514: checking for 64-bit integer type
configure:10538: gcc -pipe -c   conftest.c >&5
conftest.c: In function 'main':
conftest.c:29:1: error: unknown type name '__int64'
   29 | __int64 value = (__int64) 0;
      | ^~~~~~~
conftest.c:29:18: error: '__int64' undeclared (first use in this function)
   29 | __int64 value = (__int64) 0;
      |                  ^~~~~~~
conftest.c:29:18: note: each undeclared identifier is reported only once for each function it appears in
conftest.c:29:27: error: expected ',' or ';' before numeric constant
   29 | __int64 value = (__int64) 0;
      |                           ^
configure:10544: $? = 1
configure: failed program was:
| /* confdefs.h.  */
| 
| #define PACKAGE_NAME "Tkhtml"
| #define PACKAGE_TARNAME "tkhtml"
| #define PACKAGE_VERSION "3.0"
| #define PACKAGE_STRING "Tkhtml 3.0"
| #define PACKAGE_BUGREPORT ""
| #define HAVE_SYS_TYPES_H 1
| #define HAVE_SYS_STAT_H 1
| #define HAVE_STDLIB_H 1
| #define HAVE_STRING_H 1
| #define HAVE_MEMORY_H 1
| #define HAVE_STRINGS_H 1
| #define HAVE_INTTYPES_H 1
| #define HAVE_STDINT_H 1
| #define HAVE_UNISTD_H 1
| #define HAVE_LIMITS_H 1
| #define HAVE_SYS_PARAM_H 1
| #define USE_THREAD_ALLOC 1
| #define _REENTRANT 1
| #define _THREAD_SAFE 1
| #define TCL_THREADS 1
| #define _LARGEFILE64_SOURCE 1
| /* end confdefs.h.  */
| 
| int
| main ()
| {
| __int64 value = (__int64) 0;
|   ;
|   return 0;
| }
configure:10588: gcc -pipe -c   conftest.c >&5
conftest.c: In function 'main':
conftest.c:30:21: error: duplicate case value
   30 |             case 1: case (sizeof(long long)==sizeof(long)): ;
      |                     ^~~~
conftest.c:30:13: note: previously used here
   30 |             case 1: case (sizeof(long long)==sizeof(long)): ;
      |             ^~~~
configure:10594: $? = 1
configure: failed program was:
| /* confdefs.h.  */
| 
| #define PACKAGE_NAME "Tkhtml"
| #define PACKAGE_TARNAME "tkhtml"
| #define PACKAGE_VERSION "3.0"
| #define PACKAGE_STRING "Tkhtml 3.0"
| #define PACKAGE_BUGREPORT ""
| #define HAVE_SYS_TYPES_H 1
| #define HAVE_SYS_STAT_H 1
| #define HAVE_STDLIB_H 1
| #define HAVE_STRING_H 1
| #define HAVE_MEMORY_H 1
| #define HAVE_STRINGS_H 1
| #define HAVE_INTTYPES_H 1
| #define HAVE_STDINT_H 1
| #define HAVE_UNISTD_H 1
| #define HAVE_LIMITS_H 1
| #define HAVE_SYS_PARAM_H 1
| #define USE_THREAD_ALLOC 1
| #define _REENTRANT 1
| #define _THREAD_SAFE 1
| #define TCL_THREADS 1
| #define _LARGEFILE64_SOURCE 1
| /* end confdefs.h.  */
| 
| int
| main ()
| {
| switch (0) {
|             case 1: case (sizeof(long long)==sizeof(long)): ;
|         }
|   ;
|   return 0;
| }
configure:10624: result: using long
configure:10949: checking for build with symbols
configure:10962: result: no
configure:11102: checking for tclsh
configure:11129: result: /usr/bin/tclsh9.0
configure:11134: checking for wish
configure:11161: result: /usr/bin/wish9.0
configure:11299: creating ./config.status

## ---------------------- ##
## Running config.status. ##
## ---------------------- ##

This file was extended by Tkhtml config.status 3.0, which was
generated by GNU Autoconf 2.59.  Invocation command line was

  CONFIG_FILES    = 
  CONFIG_HEADERS  = 
  CONFIG_LINKS    = 
  CONFIG_COMMANDS = 
  $ ./config.status 

on dunceleraycookontoday

config.status:708: creating Makefile

## ---------------- ##
## Cache variables. ##
## ---------------- ##

ac_cv_c_bigendian=no
ac_cv_c_compiler_gnu=yes
ac_cv_c_tclconfig=/usr/lib64
ac_cv_c_tclh=/usr/include
ac_cv_c_tkconfig=/usr/lib64
ac_cv_c_tkh=/usr/include
ac_cv_env_CC_set=
ac_cv_env_CC_value=
ac_cv_env_CFLAGS_set=
ac_cv_env_CFLAGS_value=
ac_cv_env_CPPFLAGS_set=
ac_cv_env_CPPFLAGS_value=
ac_cv_env_CPP_set=
ac_cv_env_CPP_value=
ac_cv_env_LDFLAGS_set=
ac_cv_env_LDFLAGS_value=
ac_cv_env_build_alias_set=
ac_cv_env_build_alias_value=
ac_cv_env_host_alias_set=
ac_cv_env_host_alias_value=
ac_cv_env_target_alias_set=
ac_cv_env_target_alias_value=
ac_cv_exeext=
ac_cv_func_connect=yes
ac_cv_func_gethostbyname=yes
ac_cv_func_sin=no
ac_cv_have_x='have_x=yes 		ac_x_includes= ac_x_libraries='
ac_cv_header_dlfcn_h=yes
ac_cv_header_errno_h=yes
ac_cv_header_float_h=yes
ac_cv_header_inttypes_h=yes
ac_cv_header_limits_h=yes
ac_cv_header_memory_h=yes
ac_cv_header_net_errno_h=no
ac_cv_header_stdc=no
ac_cv_header_stdint_h=yes
ac_cv_header_stdlib_h=yes
ac_cv_header_string_h=yes
ac_cv_header_strings_h=yes
ac_cv_header_sys_param_h=yes
ac_cv_header_sys_stat_h=yes
ac_cv_header_sys_types_h=yes
ac_cv_header_sys_wait_h=yes
ac_cv_header_unistd_h=yes
ac_cv_header_values_h=yes
ac_cv_lib_dl_dlopen=yes
ac_cv_lib_ieee_main=no
ac_cv_lib_inet_main=no
ac_cv_lib_pthread_pthread_mutex_init=yes
ac_cv_objext=o
ac_cv_path_install='/usr/bin/install -c'
ac_cv_prog_AR=ar
ac_cv_prog_CPP='gcc -E'
ac_cv_prog_ac_ct_CC=gcc
ac_cv_prog_ac_ct_RANLIB=ranlib
ac_cv_prog_cc_g=yes
ac_cv_prog_cc_stdc=
ac_cv_prog_egrep='grep -E'
ac_cv_prog_make_make_set=yes
tcl_cv_dirent_h=yes
tcl_cv_flag__isoc99_source=no
tcl_cv_flag__largefile64_source=yes
tcl_cv_flag__largefile_source64=no
tcl_cv_sys_version=Linux-6.18.5-200.fc43.x86_64
tcl_cv_type_64bit=none

## ----------------- ##
## Output variables. ##
## ----------------- ##

AR='ar'
CC='gcc -pipe'
CELIB_DIR=''
CFLAGS=' ${CFLAGS_DEFAULT} ${CFLAGS_WARNING} ${SHLIB_CFLAGS}'
CFLAGS_DEBUG='-g'
CFLAGS_DEFAULT='-O2 -fomit-frame-pointer'
CFLAGS_OPTIMIZE='-O2 -fomit-frame-pointer'
CFLAGS_WARNING='-Wall -Wno-implicit-int'
CLEANFILES='pkgIndex.tcl'
CPP='gcc -E'
CPPFLAGS=''
CYGPATH='echo'
DEFS='-DPACKAGE_NAME=\"Tkhtml\" -DPACKAGE_TARNAME=\"tkhtml\" -DPACKAGE_VERSION=\"3.0\" -DPACKAGE_STRING=\"Tkhtml\ 3.0\" -DPACKAGE_BUGREPORT=\"\" -DHAVE_SYS_TYPES_H=1 -DHAVE_SYS_STAT_H=1 -DHAVE_STDLIB_H=1 -DHAVE_STRING_H=1 -DHAVE_MEMORY_H=1 -DHAVE_STRINGS_H=1 -DHAVE_INTTYPES_H=1 -DHAVE_STDINT_H=1 -DHAVE_UNISTD_H=1 -DHAVE_LIMITS_H=1 -DHAVE_SYS_PARAM_H=1 -DUSE_THREAD_ALLOC=1 -D_REENTRANT=1 -D_THREAD_SAFE=1 -DTCL_THREADS=1 -D_LARGEFILE64_SOURCE=1 -DTCL_WIDE_INT_IS_LONG=1 -DUSE_TCL_STUBS=1 -DUSE_TK_STUBS=1 '
DL_LIBS='-ldl'
ECHO_C=''
ECHO_N='-n'
ECHO_T=''
EGREP='grep -E'
EXEEXT=''
INSTALL_DATA='${INSTALL} -m 644'
INSTALL_PROGRAM='${INSTALL}'
INSTALL_SCRIPT='${INSTALL}'
LDFLAGS=' -Wl,--export-dynamic '
LDFLAGS_DEFAULT=' -Wl,--export-dynamic '
LD_LIBRARY_PATH_VAR='LD_LIBRARY_PATH'
LIBOBJS=''
LIBS=''
LTLIBOBJS=''
MAKE_LIB='${SHLIB_LD} -o $@ $(PKG_OBJECTS) ${SHLIB_LD_LIBS} '
MAKE_SHARED_LIB='${SHLIB_LD} -o $@ $(PKG_OBJECTS) ${SHLIB_LD_LIBS}'
MAKE_STATIC_LIB='${STLIB_LD} $@ $(PKG_OBJECTS)'
MAKE_STUB_LIB='${STLIB_LD} $@ $(PKG_STUB_OBJECTS)'
MATH_LIBS='-lm'
OBJEXT='o'
PACKAGE_BUGREPORT=''
PACKAGE_NAME='Tkhtml'
PACKAGE_STRING='Tkhtml 3.0'
PACKAGE_TARNAME='tkhtml'
PACKAGE_VERSION='3.0'
PATH_SEPARATOR=':'
PKG_CFLAGS=' '
PKG_HEADERS=''
PKG_INCLUDES=''
PKG_LIBS=' -lX11'
PKG_LIB_FILE='libTkhtml3.0.so'
PKG_OBJECTS=' css.o cssdynamic.o csssearch.o htmldraw.o htmlfloat.o htmlhash.o htmlimage.o htmlinline.o htmllayout.o htmlparse.o htmlprop.o htmlstyle.o htmltagdb.o htmltable.o htmltcl.o htmltree.o swproc.o restrack.o htmldecode.o htmltext.o htmlutil.o'
PKG_SOURCES=' css.c cssdynamic.c csssearch.c htmldraw.c htmlfloat.c htmlhash.c htmlimage.c htmlinline.c htmllayout.c htmlparse.c htmlprop.c htmlstyle.c htmltagdb.c htmltable.c htmltcl.c htmltree.c swproc.c restrack.c htmldecode.c htmltext.c htmlutil.c'
PKG_STUB_LIB_FILE='libTkhtmlstub3.0.a'
PKG_STUB_OBJECTS=''
PKG_STUB_SOURCES=''
PKG_TCL_SOURCES=''
RANLIB=':'
RANLIB_STUB='ranlib'
SET_MAKE=''
SHARED_BUILD='1'
SHELL='/bin/sh'
SHLIB_CFLAGS='-fPIC'
SHLIB_LD='gcc -pipe -shared'
SHLIB_LD_LIBS='${LIBS} -L/usr/lib64 -ltclstub -L/usr/lib64 -ltkstub'
STLIB_LD='${AR} cr'
TCLSH_PROG='/usr/bin/tclsh9.0'
TCL_BIN_DIR='/usr/lib64'
TCL_DBGX=''
TCL_DEFS='-DPACKAGE_NAME=\"tcl\" -DPACKAGE_TARNAME=\"tcl\" -DPACKAGE_VERSION=\"9.0\" -DPACKAGE_STRING=\"tcl\ 9.0\" -DPACKAGE_BUGREPORT=\"\" -DPACKAGE_URL=\"\" -DHAVE_STDIO_H=1 -DHAVE_STDLIB_H=1 -DHAVE_STRING_H=1 -DHAVE_INTTYPES_H=1 -DHAVE_STDINT_H=1 -DHAVE_STRINGS_H=1 -DHAVE_SYS_STAT_H=1 -DHAVE_SYS_TYPES_H=1 -DHAVE_UNISTD_H=1 -DHAVE_SYS_TIME_H=1 -DSTDC_HEADERS=1 -DHAVE_SYS_PARAM_H=1 -DTCL_CFGVAL_ENCODING=\"utf-8\" -D_REENTRANT=1 -D_THREAD_SAFE=1 -DHAVE_PTHREAD_ATTR_SETSTACKSIZE=1 -DHAVE_PTHREAD_ATFORK=1 -DHAVE_DECL_PTHREAD_MUTEX_RECURSIVE=1 -DTCL_WITH_EXTERNAL_TOMMATH=1 -DMODULE_SCOPE=extern\ __attribute__\(\(__visibility__\(\"hidden\"\)\)\) -DHAVE_HIDDEN=1 -DHAVE_CAST_TO_UNION=1 -DHAVE_STDBOOL_H=1 -DHAVE_VFORK=1 -DHAVE_POSIX_SPAWNP=1 -DHAVE_POSIX_SPAWN_FILE_ACTIONS_ADDDUP2=1 -DHAVE_POSIX_SPAWNATTR_SETFLAGS=1 -DTCL_SHLIB_EXT=\".so\" -DMP_PREC=4 -D_LARGEFILE64_SOURCE=1 -DTCL_WIDE_INT_IS_LONG=1 -DHAVE_GETCWD=1 -DHAVE_MKSTEMP=1 -DHAVE_WAITPID=1 -DHAVE_GETNAMEINFO=1 -DHAVE_GETADDRINFO=1 -DHAVE_FREEADDRINFO=1 -DHAVE_GAI_STRERROR=1 -DHAVE_STRUCT_ADDRINFO=1 -DHAVE_STRUCT_IN6_ADDR=1 -DHAVE_STRUCT_SOCKADDR_IN6=1 -DHAVE_STRUCT_SOCKADDR_STORAGE=1 -DHAVE_GETPWUID_R_5=1 -DHAVE_GETPWUID_R=1 -DHAVE_GETPWNAM_R_5=1 -DHAVE_GETPWNAM_R=1 -DHAVE_GETGRGID_R_5=1 -DHAVE_GETGRGID_R=1 -DHAVE_GETGRNAM_R_5=1 -DHAVE_GETGRNAM_R=1 -DHAVE_DECL_GETHOSTBYNAME_R=1 -DHAVE_GETHOSTBYNAME_R_6=1 -DHAVE_GETHOSTBYNAME_R=1 -DHAVE_DECL_GETHOSTBYADDR_R=1 -DHAVE_GETHOSTBYADDR_R_8=1 -DHAVE_GETHOSTBYADDR_R=1 -DHAVE_TERMIOS_H=1 -DHAVE_SYS_IOCTL_H=1 -DHAVE_PSELECT=1 -DHAVE_SYS_EPOLL_H=1 -DNOTIFIER_EPOLL=1 -DHAVE_SYS_EVENTFD_H=1 -DHAVE_EVENTFD=1 -DHAVE_SYS_TIME_H=1 -DHAVE_GMTIME_R=1 -DHAVE_LOCALTIME_R=1 -DHAVE_TM_GMTOFF=1 -DHAVE_TIMEZONE_VAR=1 -DHAVE_STRUCT_STAT_ST_BLOCKS=1 -DHAVE_STRUCT_STAT_ST_BLKSIZE=1 -DHAVE_STRUCT_STAT_ST_RDEV=1 -DHAVE_BLKCNT_T=1 -DHAVE_INTPTR_T=1 -DHAVE_UINTPTR_T=1 -DNO_UNION_WAIT=1 -DHAVE_SIGNED_CHAR=1 -DHAVE_LANGINFO=1 -DHAVE_CFMAKERAW=1 -DHAVE_MKSTEMPS=1 -DHAVE_FTS=1 -DHAVE_SYS_IOCTL_H=1 -DTCL_UNLOAD_DLLS=1 -DUSE_DTRACE=1 -DHAVE_CPUID=1 -DZIPFS_BUILD=1'
TCL_EXTRA_CFLAGS='-O2 -flto=auto -ffat-lto-objects -fexceptions -g -grecord-gcc-switches -pipe -Wall -Werror=format-security -Wp,-U_FORTIFY_SOURCE,-D_FORTIFY_SOURCE=3 -Wp,-D_GLIBCXX_ASSERTIONS -specs=/usr/lib/rpm/redhat/redhat-hardened-cc1 -fstack-protector-strong -specs=/usr/lib/rpm/redhat/redhat-annobin-cc1  -m64 -march=x86-64 -mtune=generic -fasynchronous-unwind-tables -fstack-clash-protection -fcf-protection -mtls-dialect=gnu2 -fno-omit-frame-pointer -mno-omit-leaf-frame-pointer  -pipe -finput-charset=UTF-8 '
TCL_INCLUDES='-I"/usr/include"'
TCL_LD_FLAGS='-Wl,-z,relro -Wl,--as-needed  -Wl,-z,pack-relative-relocs -Wl,-z,now -specs=/usr/lib/rpm/redhat/redhat-hardened-ld -specs=/usr/lib/rpm/redhat/redhat-hardened-ld-errors -specs=/usr/lib/rpm/redhat/redhat-annobin-cc1  -Wl,--build-id=sha1 -specs=/usr/lib/rpm/redhat/redhat-package-notes  -Wl,--export-dynamic '
TCL_LIBS='${DL_LIBS} ${LIBS} ${MATH_LIBS}'
TCL_LIB_FILE='libtcl9.0.so'
TCL_LIB_FLAG='-ltcl9.0'
TCL_LIB_SPEC='-L/usr/lib64 -ltcl9.0'
TCL_SHLIB_LD_LIBS='${LIBS}'
TCL_SRC_DIR='/usr/include/tcl-private'
TCL_STUB_LIB_FILE='libtclstub.a'
TCL_STUB_LIB_FLAG='-ltclstub'
TCL_STUB_LIB_SPEC='-L/usr/lib64 -ltclstub'
TCL_THREADS='1'
TCL_VERSION='9.0'
TK_BIN_DIR='/usr/lib64'
TK_INCLUDES='-I"/usr/include"'
TK_LIBS='-lX11 -lXft -lfontconfig -lfontconfig  -ldl -lz  -lpthread -lm -ltommath'
TK_LIB_FILE='libtcl9tk9.0.so'
TK_LIB_FLAG='-ltcl9tk9.0'
TK_LIB_SPEC='-L/usr/lib64 -ltcl9tk9.0'
TK_SRC_DIR='/usr/include/tk-private'
TK_STUB_LIB_FILE='libtkstub.a'
TK_STUB_LIB_FLAG='-ltkstub'
TK_STUB_LIB_SPEC='-L/usr/lib64 -ltkstub'
TK_VERSION='9.0'
TK_XINCLUDES=''
WISH_PROG='/usr/bin/wish9.0'
ac_ct_CC='gcc'
ac_ct_RANLIB='ranlib'
bindir='${exec_prefix}/bin'
build_alias=''
datadir='${prefix}/share'
exec_prefix='/usr'
host_alias=''
includedir='${prefix}/include'
infodir='${prefix}/info'
libdir='${exec_prefix}/lib'
libexecdir='${exec_prefix}/libexec'
localstatedir='${prefix}/var'
mandir='${prefix}/man'
oldincludedir='/usr/include'
prefix='/usr'
program_transform_name='s,x,x,'
sbindir='${exec_prefix}/sbin'
sharedstatedir='${prefix}/com'
sysconfdir='${prefix}/etc'
target_alias=''

## ----------- ##
## confdefs.h. ##
## ----------- ##

#define HAVE_INTTYPES_H 1
#define HAVE_LIMITS_H 1
#define HAVE_MEMORY_H 1
#define HAVE_STDINT_H 1
#define HAVE_STDLIB_H 1
#define HAVE_STRINGS_H 1
#define HAVE_STRING_H 1
#define HAVE_SYS_PARAM_H 1
#define HAVE_SYS_STAT_H 1
#define HAVE_SYS_TYPES_H 1
#define HAVE_UNISTD_H 1
#define PACKAGE_BUGREPORT ""
#define PACKAGE_NAME "Tkhtml"
#define PACKAGE_STRING "Tkhtml 3.0"
#define PACKAGE_TARNAME "tkhtml"
#define PACKAGE_VERSION "3.0"
#define TCL_THREADS 1
#define TCL_WIDE_INT_IS_LONG 1
#define USE_TCL_STUBS 1
#define USE_THREAD_ALLOC 1
#define USE_TK_STUBS 1
#define _LARGEFILE64_SOURCE 1
#define _REENTRANT 1
#define _THREAD_SAFE 1

configure: exit 0
